0 info it worked if it ends with ok
1 verbose cli [ '/usr/local/Cellar/node/0.10.4/bin/node',
1 verbose cli   '/usr/local/bin/npm',
1 verbose cli   'install' ]
2 info using npm@1.2.18
3 info using node@v0.10.4
4 verbose read json /Users/neon/Desktop/apps/tt/package.json
5 verbose readDependencies using package.json deps
6 verbose install where, deps [ '/Users/neon/Desktop/apps/tt',
6 verbose install   [ 'express',
6 verbose install     'jade',
6 verbose install     'connect-redis',
6 verbose install     'mongoose',
6 verbose install     'underscore',
6 verbose install     'xml2js',
6 verbose install     'unzip',
6 verbose install     'express-jwt',
6 verbose install     'bcrypt' ] ]
7 verbose from cache /Users/neon/Desktop/apps/tt/package.json
8 info preinstall application-name@0.0.1
9 verbose read json /Users/neon/Desktop/apps/tt/node_modules/connect-redis/package.json
10 verbose read json /Users/neon/Desktop/apps/tt/node_modules/express/package.json
11 verbose read json /Users/neon/Desktop/apps/tt/node_modules/express-jwt/package.json
12 verbose read json /Users/neon/Desktop/apps/tt/node_modules/jade/package.json
13 verbose read json /Users/neon/Desktop/apps/tt/node_modules/mongoose/package.json
14 verbose read json /Users/neon/Desktop/apps/tt/node_modules/sjcl/package.json
15 verbose read json /Users/neon/Desktop/apps/tt/node_modules/underscore/package.json
16 verbose read json /Users/neon/Desktop/apps/tt/node_modules/unzip/package.json
17 verbose read json /Users/neon/Desktop/apps/tt/node_modules/xml2js/package.json
18 verbose read json /Users/neon/Desktop/apps/tt/node_modules/xmlreader/package.json
19 verbose from cache /Users/neon/Desktop/apps/tt/package.json
20 verbose readDependencies using package.json deps
21 verbose from cache /Users/neon/Desktop/apps/tt/node_modules/connect-redis/package.json
22 verbose from cache /Users/neon/Desktop/apps/tt/node_modules/express/package.json
23 verbose from cache /Users/neon/Desktop/apps/tt/node_modules/express-jwt/package.json
24 verbose from cache /Users/neon/Desktop/apps/tt/node_modules/jade/package.json
25 verbose from cache /Users/neon/Desktop/apps/tt/node_modules/mongoose/package.json
26 verbose from cache /Users/neon/Desktop/apps/tt/node_modules/sjcl/package.json
27 verbose from cache /Users/neon/Desktop/apps/tt/node_modules/underscore/package.json
28 verbose from cache /Users/neon/Desktop/apps/tt/node_modules/unzip/package.json
29 verbose from cache /Users/neon/Desktop/apps/tt/node_modules/xml2js/package.json
30 verbose from cache /Users/neon/Desktop/apps/tt/node_modules/xmlreader/package.json
31 verbose already installed skipping mongoose@~3.6.13 /Users/neon/Desktop/apps/tt
32 verbose already installed skipping connect-redis@~1.4.7 /Users/neon/Desktop/apps/tt
33 verbose already installed skipping underscore@~1.6.0 /Users/neon/Desktop/apps/tt
34 verbose already installed skipping xml2js@~0.4.1 /Users/neon/Desktop/apps/tt
35 verbose already installed skipping unzip@~0.1.8 /Users/neon/Desktop/apps/tt
36 verbose cache add [ 'express-jwt@latest', null ]
37 verbose cache add name=undefined spec="express-jwt@latest" args=["express-jwt@latest",null]
38 verbose parsed url { protocol: null,
38 verbose parsed url   slashes: null,
38 verbose parsed url   auth: null,
38 verbose parsed url   host: null,
38 verbose parsed url   port: null,
38 verbose parsed url   hostname: null,
38 verbose parsed url   hash: null,
38 verbose parsed url   search: null,
38 verbose parsed url   query: null,
38 verbose parsed url   pathname: 'express-jwt@latest',
38 verbose parsed url   path: 'express-jwt@latest',
38 verbose parsed url   href: 'express-jwt@latest' }
39 verbose cache add name="express-jwt" spec="latest" args=["express-jwt","latest"]
40 verbose parsed url { protocol: null,
40 verbose parsed url   slashes: null,
40 verbose parsed url   auth: null,
40 verbose parsed url   host: null,
40 verbose parsed url   port: null,
40 verbose parsed url   hostname: null,
40 verbose parsed url   hash: null,
40 verbose parsed url   search: null,
40 verbose parsed url   query: null,
40 verbose parsed url   pathname: 'latest',
40 verbose parsed url   path: 'latest',
40 verbose parsed url   href: 'latest' }
41 verbose addNamed [ 'express-jwt', 'latest' ]
42 verbose addNamed [ null, null ]
43 verbose cache add [ 'bcrypt@0.7.7', null ]
44 verbose cache add name=undefined spec="bcrypt@0.7.7" args=["bcrypt@0.7.7",null]
45 verbose parsed url { protocol: null,
45 verbose parsed url   slashes: null,
45 verbose parsed url   auth: null,
45 verbose parsed url   host: null,
45 verbose parsed url   port: null,
45 verbose parsed url   hostname: null,
45 verbose parsed url   hash: null,
45 verbose parsed url   search: null,
45 verbose parsed url   query: null,
45 verbose parsed url   pathname: 'bcrypt@0.7.7',
45 verbose parsed url   path: 'bcrypt@0.7.7',
45 verbose parsed url   href: 'bcrypt@0.7.7' }
46 verbose cache add name="bcrypt" spec="0.7.7" args=["bcrypt","0.7.7"]
47 verbose parsed url { protocol: null,
47 verbose parsed url   slashes: null,
47 verbose parsed url   auth: null,
47 verbose parsed url   host: null,
47 verbose parsed url   port: null,
47 verbose parsed url   hostname: null,
47 verbose parsed url   hash: null,
47 verbose parsed url   search: null,
47 verbose parsed url   query: null,
47 verbose parsed url   pathname: '0.7.7',
47 verbose parsed url   path: '0.7.7',
47 verbose parsed url   href: '0.7.7' }
48 verbose addNamed [ 'bcrypt', '0.7.7' ]
49 verbose addNamed [ '0.7.7', '0.7.7' ]
50 verbose already installed skipping express@~3.2.6 /Users/neon/Desktop/apps/tt
51 verbose already installed skipping jade@~0.31.2 /Users/neon/Desktop/apps/tt
52 silly lockFile ad8dd427-express-jwt-latest express-jwt@latest
53 verbose lock express-jwt@latest /Users/neon/.npm/ad8dd427-express-jwt-latest.lock
54 silly lockFile ad2a9212-bcrypt-0-7-7 bcrypt@0.7.7
55 verbose lock bcrypt@0.7.7 /Users/neon/.npm/ad2a9212-bcrypt-0-7-7.lock
56 info addNameTag [ 'express-jwt', 'latest' ]
57 verbose url raw express-jwt
58 verbose url resolving [ 'https://registry.npmjs.org/', './express-jwt' ]
59 verbose url resolved https://registry.npmjs.org/express-jwt
60 info trying registry request attempt 1 at 19:01:46
61 verbose etag "AZ4PBYB4J3VLQ0C72G6CIPHIG"
62 http GET https://registry.npmjs.org/express-jwt
63 verbose url raw bcrypt/0.7.7
64 verbose url resolving [ 'https://registry.npmjs.org/', './bcrypt/0.7.7' ]
65 verbose url resolved https://registry.npmjs.org/bcrypt/0.7.7
66 info trying registry request attempt 1 at 19:01:46
67 verbose etag "73DGJ15R729U186HZT2UDRI2Y"
68 http GET https://registry.npmjs.org/bcrypt/0.7.7
69 http 304 https://registry.npmjs.org/express-jwt
70 silly registry.get cb [ 304,
70 silly registry.get   { date: 'Sat, 29 Mar 2014 02:01:47 GMT',
70 silly registry.get     server: 'Apache',
70 silly registry.get     via: '1.1 varnish',
70 silly registry.get     'last-modified': 'Sat, 29 Mar 2014 02:01:48 GMT',
70 silly registry.get     'cache-control': 'max-age=1',
70 silly registry.get     etag: '"AZ4PBYB4J3VLQ0C72G6CIPHIG"',
70 silly registry.get     'x-served-by': 'cache-lax1433-LAX',
70 silly registry.get     'x-cache': 'MISS',
70 silly registry.get     'x-cache-hits': '0',
70 silly registry.get     'x-timer': 'S1396058507.929158449,VS0,VE147',
70 silly registry.get     vary: 'Accept',
70 silly registry.get     'content-length': '0',
70 silly registry.get     'keep-alive': 'timeout=10, max=50',
70 silly registry.get     connection: 'Keep-Alive' } ]
71 verbose etag express-jwt from cache
72 verbose addNamed [ 'express-jwt', '0.2.0' ]
73 verbose addNamed [ '0.2.0', '0.2.0' ]
74 silly lockFile fbec788f-express-jwt-0-2-0 express-jwt@0.2.0
75 verbose lock express-jwt@0.2.0 /Users/neon/.npm/fbec788f-express-jwt-0-2-0.lock
76 verbose read json /Users/neon/.npm/express-jwt/0.2.0/package/package.json
77 silly lockFile fbec788f-express-jwt-0-2-0 express-jwt@0.2.0
78 silly lockFile fbec788f-express-jwt-0-2-0 express-jwt@0.2.0
79 silly lockFile ad8dd427-express-jwt-latest express-jwt@latest
80 silly lockFile ad8dd427-express-jwt-latest express-jwt@latest
81 info already installed express-jwt@0.2.0
82 http 304 https://registry.npmjs.org/bcrypt/0.7.7
83 silly registry.get cb [ 304,
83 silly registry.get   { date: 'Sat, 29 Mar 2014 02:01:49 GMT',
83 silly registry.get     server: 'Apache',
83 silly registry.get     via: '1.1 varnish',
83 silly registry.get     'last-modified': 'Sat, 29 Mar 2014 02:01:49 GMT',
83 silly registry.get     'cache-control': 'max-age=1',
83 silly registry.get     etag: '"73DGJ15R729U186HZT2UDRI2Y"',
83 silly registry.get     'x-served-by': 'cache-lax1426-LAX',
83 silly registry.get     'x-cache': 'MISS',
83 silly registry.get     'x-cache-hits': '0',
83 silly registry.get     'x-timer': 'S1396058509.244086504,VS0,VE72',
83 silly registry.get     vary: 'Accept',
83 silly registry.get     'content-length': '0',
83 silly registry.get     'keep-alive': 'timeout=10, max=50',
83 silly registry.get     connection: 'Keep-Alive' } ]
84 verbose etag bcrypt/0.7.7 from cache
85 verbose read json /Users/neon/.npm/bcrypt/0.7.7/package/package.json
86 silly lockFile ad2a9212-bcrypt-0-7-7 bcrypt@0.7.7
87 silly lockFile ad2a9212-bcrypt-0-7-7 bcrypt@0.7.7
88 silly resolved [ { name: 'bcrypt',
88 silly resolved     description: 'A bcrypt library for NodeJS.',
88 silly resolved     keywords:
88 silly resolved      [ 'bcrypt',
88 silly resolved        'password',
88 silly resolved        'auth',
88 silly resolved        'authentication',
88 silly resolved        'encryption',
88 silly resolved        'crypt',
88 silly resolved        'crypto' ],
88 silly resolved     main: './bcrypt',
88 silly resolved     version: '0.7.7',
88 silly resolved     author: { name: 'Nick Campbell', url: 'http://github.com/ncb000gt' },
88 silly resolved     engines: { node: '>= 0.6.0' },
88 silly resolved     repository:
88 silly resolved      { type: 'git',
88 silly resolved        url: 'http://github.com/ncb000gt/node.bcrypt.js.git' },
88 silly resolved     licenses: [ [Object] ],
88 silly resolved     bugs: { url: 'http://github.com/ncb000gt/node.bcrypt.js/issues' },
88 silly resolved     scripts:
88 silly resolved      { test: 'node-gyp configure build && nodeunit test',
88 silly resolved        install: 'node-gyp rebuild' },
88 silly resolved     dependencies: { bindings: '1.0.0' },
88 silly resolved     devDependencies: { nodeunit: '>=0.6.4' },
88 silly resolved     contributors:
88 silly resolved      [ [Object],
88 silly resolved        [Object],
88 silly resolved        [Object],
88 silly resolved        [Object],
88 silly resolved        [Object],
88 silly resolved        [Object],
88 silly resolved        [Object],
88 silly resolved        [Object],
88 silly resolved        [Object],
88 silly resolved        [Object],
88 silly resolved        [Object],
88 silly resolved        [Object],
88 silly resolved        [Object],
88 silly resolved        [Object] ],
88 silly resolved     gypfile: true,
88 silly resolved     readme: '# node.bcrypt.js\n\n[![Build Status](https://secure.travis-ci.org/ncb000gt/node.bcrypt.js.png)](http://travis-ci.org/#!/ncb000gt/node.bcrypt.js) \n\nLib to help you hash passwords.\n[bcrypt on wikipedia][bcryptwiki]\n\nCatalyst for this module: [How To Safely Store A Password][codahale]\n\n## If You Are Submitting Bugs/Issues\n\nBecause we can\'t magically know what you are doing to expose an issue, it is best if you provide a snippet of code. This snippet need not include your secret sauce, but it must replicate the issue you are describing. The issues that get closed without resolution tend to be the ones without code examples. Thanks.\n\n\n## Version Compatability\n\n<table>\n<tr>\n<td>Node Ver</td><td>Bcrypt Version</td>\n</tr>\n<tr>\n<td>&lt;= 0.4.x</td><td>&lt;= 0.4.x</td>\n</tr>\n<tr>\n<td>&gt;= 0.6.x</td><td>&gt;= 0.5.x</td>\n</tr>\n</table>\n\nWindows users should make sure to have at least node 0.8.5 installed and version >= 0.7.1 of this module.  \n`node-gyp` only works with stable/released versions of node. Since the `bcrypt` module uses `node-gyp` to build and install you\'ll need a stable version of node to use bcrypt. If you do not you\'ll likely see an error that starts with:\n\n    gyp ERR! stack Error: "pre" versions of node cannot be installed, use the --nodedir flag instead\n\n\n\n## Security Issues/Concerns\n\nAs should be the case with any security tool, this library should be scrutinized by anyone using it. If you find or suspect an issue with the code- please bring it to my attention and I\'ll spend some time trying to make sure that this tool is as secure as possible.\n\nTo make it easier for people using this tool to analyze what has been surveyed, here is a list of BCrypt related security issues/concerns as they\'ve come up.\n\n* An [issue with passwords][jtr] was found with a version of the Blowfish algorithm developed for John the Ripper. This is not present in the OpenBSD version and is thus not a problem for this module. HT [zooko][zooko].\n\n## Dependencies\n\n* NodeJS\n* OpenSSL (Development Libraries (header files) for compilation)\n * For Windows you\'ll need http://slproweb.com/products/Win32OpenSSL.html installed to the default location of `C:\\OpenSSL-Win32`\n  * When installing OpenSSL, you must tell it to put DLLs in `The Windows system directory` to avoid `The specified module could not be found.` errors.\n  * Please note that for this to build properly you\'ll need the Normal version of OpenSSL-Win<arch>, not the Light version. The reason for this is that we need to be able to compile the code using the header files that exist in the Normal version.\n  * For 64 bit use the 64 bit version and install to `C:\\OpenSSL-Win64`\n* `node-gyp`\n * Please check the dependencies for this tool at: https://github.com/TooTallNate/node-gyp/\n  * Windows users will need the options for c# and c++ installed with their visual studio instance.\n  * Python 2.x\n\n## Install via NPM\n```\nnpm install bcrypt\n```\n\n## Usage\n\n### async (recommended)\n\nTo hash a password:\n\n```javascript\nvar bcrypt = require(\'bcrypt\');\nbcrypt.genSalt(10, function(err, salt) {\n    bcrypt.hash("B4c0/\\/", salt, function(err, hash) {\n        // Store hash in your password DB.\n    });\n});\n```\n\nTo check a password:\n\n```javascript\n// Load hash from your password DB.\nbcrypt.compare("B4c0/\\/", hash, function(err, res) {\n    // res == true\n});\nbcrypt.compare("not_bacon", hash, function(err, res) {\n    // res = false\n});\n```\n\nAuto-gen a salt and hash:\n\n```javascript\nbcrypt.hash(\'bacon\', 8, function(err, hash) {\n});\n```\n\n\n### sync\n\nTo hash a password:\n\n```javascript\nvar bcrypt = require(\'bcrypt\');\nvar salt = bcrypt.genSaltSync(10);\nvar hash = bcrypt.hashSync("B4c0/\\/", salt);\n// Store hash in your password DB.\n```\n\nTo check a password:\n\n```javascript\n// Load hash from your password DB.\nbcrypt.compareSync("B4c0/\\/", hash); // true\nbcrypt.compareSync("not_bacon", hash); // false\n```\n\nAuto-gen a salt and hash:\n\n```javascript\nvar hash = bcrypt.hashSync(\'bacon\', 8);\n```\n\n## API\n\n`BCrypt.`\n\n  * `genSaltSync(rounds, seed_length)`\n    * `rounds` - [OPTIONAL] - the number of rounds to process the data for. (default - 10)\n    * `seed_length` - [OPTIONAL] - RAND_bytes wants a length. to make that a bit flexible, you can specify a seed_length. (default - 20)\n  * `genSalt(rounds, seed_length, cb)`\n    * `rounds` - [OPTIONAL] - the number of rounds to process the data for. (default - 10)\n    * `seed_length` - [OPTIONAL] - RAND_bytes wants a length. to make that a bit flexible, you can specify a seed_length. (default - 20)\n    * `cb` - [REQUIRED] - a callback to be fired once the salt has been generated. uses eio making it asynchronous.\n      * `err` - First parameter to the callback detailing any errors.\n      * `salt` - Second parameter to the callback providing the generated salt.\n  * `hashSync(data, salt)`\n    * `data` - [REQUIRED] - the data to be encrypted.\n    * `salt` - [REQUIRED] - the salt to be used in encryption.\n  * `hash(data, salt, cb)`\n    * `data` - [REQUIRED] - the data to be encrypted.\n    * `salt` - [REQUIRED] - the salt to be used to hash the password. if specified as a number then a salt will be generated and used (see examples).\n    * `cb` - [REQUIRED] - a callback to be fired once the data has been encrypted. uses eio making it asynchronous.\n      * `err` - First parameter to the callback detailing any errors.\n      * `encrypted` - Second parameter to the callback providing the encrypted form.\n  * `compareSync(data, encrypted)`\n    * `data` - [REQUIRED] - data to compare.\n    * `encrypted` - [REQUIRED] - data to be compared to.\n  * `compare(data, encrypted, cb)`\n    * `data` - [REQUIRED] - data to compare.\n    * `encrypted` - [REQUIRED] - data to be compared to.\n    * `cb` - [REQUIRED] - a callback to be fired once the data has been compared. uses eio making it asynchronous.\n      * `err` - First parameter to the callback detailing any errors.\n      * `same` - Second parameter to the callback providing whether the data and encrypted forms match [true | false].\n  * `getRounds(encrypted)` - return the number of rounds used to encrypt a given hash\n    * `encrypted` - [REQUIRED] - hash from which the number of rounds used should be extracted.\n\n\n## Hash Info\n\nThe characters that comprise the resultant hash are `./ABCDEFGHIJKLMNOPQRSTUVWXYZabcdefghijklmnopqrstuvwxyz0123456789$`.\n\n## Testing\n\nIf you create a pull request, tests better pass :)\n\n```\nnpm install\nnpm test\n```\n\n## Credits\n\nThe code for this comes from a few sources:\n\n* blowfish.cc - OpenBSD\n* bcrypt.cc - OpenBSD\n* bcrypt::gen_salt - [gen_salt inclusion to bcrypt][bcryptgs]\n* bcrypt_node.cc - me\n\n## Contributors\n\n* [Antonio Salazar Cardozo][shadowfiend] - Early MacOS X support (when we used libbsd)\n* [Ben Glow][pixelglow] - Fixes for thread safety with async calls\n* [Van Nguyen][thegoleffect] - Found a timing attack in the comparator\n* [NewITFarmer][newitfarmer] - Initial Cygwin support\n* [David Trejo][dtrejo] - packaging fixes\n* [Alfred Westerveld][alfredwesterveld] - packaging fixes\n* [Vincent Côté-Roy][vincentr] - Testing around concurrency issues\n* [Lloyd Hilaiel][lloyd] - Documentation fixes\n* [Roman Shtylman][shtylman] - Code refactoring, general rot reduction, compile options, better memory management with delete and new, and an upgrade to libuv over eio/ev.\n* [Vadim Graboys][vadimg] - Code changes to support 0.5.5+\n* [Ben Noordhuis][bnoordhuis] - Fixed a thread safety issue in nodejs that was perfectly mappable to this module.\n* [Nate Rajlich][tootallnate] - Bindings and build process.\n* [Sean McArthur][seanmonstar] - Windows Support\n* [Fanie Oosthuysen][weareu] - Windows Support\n\n## License\nUnless stated elsewhere, file headers or otherwise, the license as stated in the LICENSE file.\n\n[bcryptwiki]: http://en.wikipedia.org/wiki/Bcrypt\n[bcryptgs]: http://mail-index.netbsd.org/tech-crypto/2002/05/24/msg000204.html\n[codahale]: http://codahale.com/how-to-safely-store-a-password/\n[gh13]: https://github.com/ncb000gt/node.bcrypt.js/issues/13\n[jtr]: http://www.openwall.com/lists/oss-security/2011/06/20/2\n\n[shadowfiend]:https://github.com/Shadowfiend\n[thegoleffect]:https://github.com/thegoleffect\n[pixelglow]:https://github.com/pixelglow\n[dtrejo]:https://github.com/dtrejo\n[alfredwesterveld]:https://github.com/alfredwesterveld\n[newitfarmer]:https://github.com/newitfarmer\n[zooko]:https://twitter.com/zooko\n[vincentr]:https://twitter.com/vincentcr\n[lloyd]:https://github.com/lloyd\n[shtylman]:https://github.com/shtylman\n[vadimg]:https://github.com/vadimg\n[bnoordhuis]:https://github.com/bnoordhuis\n[tootallnate]:https://github.com/tootallnate\n[seanmonstar]:https://github.com/seanmonstar\n[weareu]:https://github.com/weareu\n',
88 silly resolved     readmeFilename: 'README.md',
88 silly resolved     _id: 'bcrypt@0.7.7',
88 silly resolved     _from: 'bcrypt@0.7.7' } ]
89 info install bcrypt@0.7.7 into /Users/neon/Desktop/apps/tt
90 info installOne bcrypt@0.7.7
91 verbose from cache /Users/neon/.npm/bcrypt/0.7.7/package/package.json
92 info /Users/neon/Desktop/apps/tt/node_modules/bcrypt unbuild
93 verbose read json /Users/neon/Desktop/apps/tt/node_modules/bcrypt/package.json
94 verbose tar unpack /Users/neon/.npm/bcrypt/0.7.7/package.tgz
95 silly lockFile b3deb9da-ktop-apps-tt-node-modules-bcrypt /Users/neon/Desktop/apps/tt/node_modules/bcrypt
96 verbose lock /Users/neon/Desktop/apps/tt/node_modules/bcrypt /Users/neon/.npm/b3deb9da-ktop-apps-tt-node-modules-bcrypt.lock
97 silly lockFile e5c748b7-eon-npm-bcrypt-0-7-7-package-tgz /Users/neon/.npm/bcrypt/0.7.7/package.tgz
98 verbose lock /Users/neon/.npm/bcrypt/0.7.7/package.tgz /Users/neon/.npm/e5c748b7-eon-npm-bcrypt-0-7-7-package-tgz.lock
99 silly gunzTarPerm modes [ '755', '644' ]
100 silly gunzTarPerm extractEntry package.json
101 silly gunzTarPerm extractEntry .npmignore
102 silly gunzTarPerm extractEntry README.md
103 silly gunzTarPerm extractEntry LICENSE
104 silly gunzTarPerm extractEntry bcrypt.js
105 silly gunzTarPerm extractEntry Makefile
106 silly gunzTarPerm extractEntry .travis.yml
107 silly gunzTarPerm extractEntry binding.gyp
108 silly gunzTarPerm extractEntry examples/async_compare.js
109 silly gunzTarPerm extractEntry examples/forever_gen_salt.js
110 silly gunzTarPerm extractEntry CHANGELOG
111 silly gunzTarPerm extractEntry src/bcrypt.cc
112 silly gunzTarPerm extractEntry src/bcrypt_node.cc
113 silly gunzTarPerm extractEntry src/blowfish.cc
114 silly gunzTarPerm extractEntry src/node_blf.h
115 silly gunzTarPerm extractEntry test/async.js
116 silly gunzTarPerm extractEntry test/deprecated.js
117 silly gunzTarPerm extractEntry test/repetitions.js
118 silly gunzTarPerm extractEntry test/sync.js
119 silly gunzTarPerm extractEntry wscript
120 verbose read json /Users/neon/Desktop/apps/tt/node_modules/bcrypt/package.json
121 silly lockFile b3deb9da-ktop-apps-tt-node-modules-bcrypt /Users/neon/Desktop/apps/tt/node_modules/bcrypt
122 silly lockFile b3deb9da-ktop-apps-tt-node-modules-bcrypt /Users/neon/Desktop/apps/tt/node_modules/bcrypt
123 silly lockFile e5c748b7-eon-npm-bcrypt-0-7-7-package-tgz /Users/neon/.npm/bcrypt/0.7.7/package.tgz
124 silly lockFile e5c748b7-eon-npm-bcrypt-0-7-7-package-tgz /Users/neon/.npm/bcrypt/0.7.7/package.tgz
125 info preinstall bcrypt@0.7.7
126 verbose from cache /Users/neon/Desktop/apps/tt/node_modules/bcrypt/package.json
127 verbose readDependencies using package.json deps
128 verbose from cache /Users/neon/Desktop/apps/tt/node_modules/bcrypt/package.json
129 verbose readDependencies using package.json deps
130 verbose cache add [ 'bindings@1.0.0', null ]
131 verbose cache add name=undefined spec="bindings@1.0.0" args=["bindings@1.0.0",null]
132 verbose parsed url { protocol: null,
132 verbose parsed url   slashes: null,
132 verbose parsed url   auth: null,
132 verbose parsed url   host: null,
132 verbose parsed url   port: null,
132 verbose parsed url   hostname: null,
132 verbose parsed url   hash: null,
132 verbose parsed url   search: null,
132 verbose parsed url   query: null,
132 verbose parsed url   pathname: 'bindings@1.0.0',
132 verbose parsed url   path: 'bindings@1.0.0',
132 verbose parsed url   href: 'bindings@1.0.0' }
133 verbose cache add name="bindings" spec="1.0.0" args=["bindings","1.0.0"]
134 verbose parsed url { protocol: null,
134 verbose parsed url   slashes: null,
134 verbose parsed url   auth: null,
134 verbose parsed url   host: null,
134 verbose parsed url   port: null,
134 verbose parsed url   hostname: null,
134 verbose parsed url   hash: null,
134 verbose parsed url   search: null,
134 verbose parsed url   query: null,
134 verbose parsed url   pathname: '1.0.0',
134 verbose parsed url   path: '1.0.0',
134 verbose parsed url   href: '1.0.0' }
135 verbose addNamed [ 'bindings', '1.0.0' ]
136 verbose addNamed [ '1.0.0', '1.0.0' ]
137 silly lockFile f01e5454-bindings-1-0-0 bindings@1.0.0
138 verbose lock bindings@1.0.0 /Users/neon/.npm/f01e5454-bindings-1-0-0.lock
139 verbose url raw bindings/1.0.0
140 verbose url resolving [ 'https://registry.npmjs.org/', './bindings/1.0.0' ]
141 verbose url resolved https://registry.npmjs.org/bindings/1.0.0
142 info trying registry request attempt 1 at 19:01:49
143 verbose etag "Q0HEBB1EARGEJQ1ODFXH110F"
144 http GET https://registry.npmjs.org/bindings/1.0.0
145 http 304 https://registry.npmjs.org/bindings/1.0.0
146 silly registry.get cb [ 304,
146 silly registry.get   { date: 'Sat, 29 Mar 2014 02:01:49 GMT',
146 silly registry.get     server: 'Apache',
146 silly registry.get     via: '1.1 varnish',
146 silly registry.get     'last-modified': 'Sat, 29 Mar 2014 02:01:49 GMT',
146 silly registry.get     'cache-control': 'max-age=1',
146 silly registry.get     etag: '"Q0HEBB1EARGEJQ1ODFXH110F"',
146 silly registry.get     'x-served-by': 'cache-lax1435-LAX',
146 silly registry.get     'x-cache': 'HIT',
146 silly registry.get     'x-cache-hits': '1',
146 silly registry.get     'x-timer': 'S1396058509.769229174,VS0,VE163',
146 silly registry.get     vary: 'Accept',
146 silly registry.get     'content-length': '0',
146 silly registry.get     'keep-alive': 'timeout=10, max=50',
146 silly registry.get     connection: 'Keep-Alive' } ]
147 verbose etag bindings/1.0.0 from cache
148 verbose read json /Users/neon/.npm/bindings/1.0.0/package/package.json
149 silly lockFile f01e5454-bindings-1-0-0 bindings@1.0.0
150 silly lockFile f01e5454-bindings-1-0-0 bindings@1.0.0
151 silly resolved [ { name: 'bindings',
151 silly resolved     description: 'Helper module for loading your native module\'s .node file',
151 silly resolved     keywords: [ 'native', 'addon', 'bindings', 'gyp', 'waf', 'c', 'c++' ],
151 silly resolved     version: '1.0.0',
151 silly resolved     author:
151 silly resolved      { name: 'Nathan Rajlich',
151 silly resolved        email: 'nathan@tootallnate.net',
151 silly resolved        url: 'http://tootallnate.net' },
151 silly resolved     repository:
151 silly resolved      { type: 'git',
151 silly resolved        url: 'git://github.com/TooTallNate/node-bindings.git' },
151 silly resolved     main: './bindings.js',
151 silly resolved     readme: 'node-bindings\n=============\n### Helper module for loading your native module\'s .node file\n\nThis is a helper module for authors of Node.js native addon modules.\nIt is basically the "swiss army knife" of `require()`ing your native module\'s\n`.node` file.\n\nThroughout the course of Node\'s native addon history, addons have ended up being\ncompiled in a variety of different places, depending on which build tool and which\nversion of node was used. To make matters worse, now the _gyp_ build tool can\nproduce either a _Release_ or _Debug_ build, each being built into different\nlocations.\n\nThis module checks _all_ the possible locations that a native addon would be built\nat, and returns the first one that loads successfully.\n\n\nInstallation\n------------\n\nInstall with `npm`:\n\n``` bash\n$ npm install bindings\n```\n\nOr add it to the `"dependencies"` section of your _package.json_ file.\n\n\nExample\n-------\n\n`require()`ing the proper bindings file for the current node version, platform\nand architecture is as simple as:\n\n``` js\nvar bindings = require(\'bindings\')(\'binding.node\')\n\n// Use your bindings defined in your C files\nbindings.your_c_function()\n```\n\n\nNice Error Output\n-----------------\n\nWhen the `.node` file could not be loaded, `node-bindings` throws an Error with\na nice error message telling you exactly what was tried. You can also check the\n`err.tries` Array property.\n\n```\nError: Could not load the bindings file. Tried:\n → /Users/nrajlich/ref/build/binding.node\n → /Users/nrajlich/ref/build/Debug/binding.node\n → /Users/nrajlich/ref/build/Release/binding.node\n → /Users/nrajlich/ref/out/Debug/binding.node\n → /Users/nrajlich/ref/Debug/binding.node\n → /Users/nrajlich/ref/out/Release/binding.node\n → /Users/nrajlich/ref/Release/binding.node\n → /Users/nrajlich/ref/build/default/binding.node\n → /Users/nrajlich/ref/compiled/0.8.2/darwin/x64/binding.node\n    at bindings (/Users/nrajlich/ref/node_modules/bindings/bindings.js:84:13)\n    at Object.<anonymous> (/Users/nrajlich/ref/lib/ref.js:5:47)\n    at Module._compile (module.js:449:26)\n    at Object.Module._extensions..js (module.js:467:10)\n    at Module.load (module.js:356:32)\n    at Function.Module._load (module.js:312:12)\n    ...\n```\n\n\nLicense\n-------\n\n(The MIT License)\n\nCopyright (c) 2012 Nathan Rajlich &lt;nathan@tootallnate.net&gt;\n\nPermission is hereby granted, free of charge, to any person obtaining\na copy of this software and associated documentation files (the\n\'Software\'), to deal in the Software without restriction, including\nwithout limitation the rights to use, copy, modify, merge, publish,\ndistribute, sublicense, and/or sell copies of the Software, and to\npermit persons to whom the Software is furnished to do so, subject to\nthe following conditions:\n\nThe above copyright notice and this permission notice shall be\nincluded in all copies or substantial portions of the Software.\n\nTHE SOFTWARE IS PROVIDED \'AS IS\', WITHOUT WARRANTY OF ANY KIND,\nEXPRESS OR IMPLIED, INCLUDING BUT NOT LIMITED TO THE WARRANTIES OF\nMERCHANTABILITY, FITNESS FOR A PARTICULAR PURPOSE AND NONINFRINGEMENT.\nIN NO EVENT SHALL THE AUTHORS OR COPYRIGHT HOLDERS BE LIABLE FOR ANY\nCLAIM, DAMAGES OR OTHER LIABILITY, WHETHER IN AN ACTION OF CONTRACT,\nTORT OR OTHERWISE, ARISING FROM, OUT OF OR IN CONNECTION WITH THE\nSOFTWARE OR THE USE OR OTHER DEALINGS IN THE SOFTWARE.\n',
151 silly resolved     readmeFilename: 'README.md',
151 silly resolved     _id: 'bindings@1.0.0',
151 silly resolved     _from: 'bindings@1.0.0' } ]
152 info install bindings@1.0.0 into /Users/neon/Desktop/apps/tt/node_modules/bcrypt
153 info installOne bindings@1.0.0
154 verbose from cache /Users/neon/.npm/bindings/1.0.0/package/package.json
155 info /Users/neon/Desktop/apps/tt/node_modules/bcrypt/node_modules/bindings unbuild
156 verbose read json /Users/neon/Desktop/apps/tt/node_modules/bcrypt/node_modules/bindings/package.json
157 verbose tar unpack /Users/neon/.npm/bindings/1.0.0/package.tgz
158 silly lockFile a154961c-les-bcrypt-node-modules-bindings /Users/neon/Desktop/apps/tt/node_modules/bcrypt/node_modules/bindings
159 verbose lock /Users/neon/Desktop/apps/tt/node_modules/bcrypt/node_modules/bindings /Users/neon/.npm/a154961c-les-bcrypt-node-modules-bindings.lock
160 silly lockFile 470a99a5-n-npm-bindings-1-0-0-package-tgz /Users/neon/.npm/bindings/1.0.0/package.tgz
161 verbose lock /Users/neon/.npm/bindings/1.0.0/package.tgz /Users/neon/.npm/470a99a5-n-npm-bindings-1-0-0-package-tgz.lock
162 silly gunzTarPerm modes [ '755', '644' ]
163 silly gunzTarPerm extractEntry package.json
164 silly gunzTarPerm extractEntry README.md
165 silly gunzTarPerm extractEntry bindings.js
166 verbose read json /Users/neon/Desktop/apps/tt/node_modules/bcrypt/node_modules/bindings/package.json
167 silly lockFile a154961c-les-bcrypt-node-modules-bindings /Users/neon/Desktop/apps/tt/node_modules/bcrypt/node_modules/bindings
168 silly lockFile a154961c-les-bcrypt-node-modules-bindings /Users/neon/Desktop/apps/tt/node_modules/bcrypt/node_modules/bindings
169 silly lockFile 470a99a5-n-npm-bindings-1-0-0-package-tgz /Users/neon/.npm/bindings/1.0.0/package.tgz
170 silly lockFile 470a99a5-n-npm-bindings-1-0-0-package-tgz /Users/neon/.npm/bindings/1.0.0/package.tgz
171 info preinstall bindings@1.0.0
172 verbose from cache /Users/neon/Desktop/apps/tt/node_modules/bcrypt/node_modules/bindings/package.json
173 verbose readDependencies using package.json deps
174 verbose from cache /Users/neon/Desktop/apps/tt/node_modules/bcrypt/node_modules/bindings/package.json
175 verbose readDependencies using package.json deps
176 silly resolved []
177 verbose about to build /Users/neon/Desktop/apps/tt/node_modules/bcrypt/node_modules/bindings
178 info build /Users/neon/Desktop/apps/tt/node_modules/bcrypt/node_modules/bindings
179 verbose from cache /Users/neon/Desktop/apps/tt/node_modules/bcrypt/node_modules/bindings/package.json
180 verbose linkStuff [ false,
180 verbose linkStuff   false,
180 verbose linkStuff   false,
180 verbose linkStuff   '/Users/neon/Desktop/apps/tt/node_modules/bcrypt/node_modules' ]
181 info linkStuff bindings@1.0.0
182 verbose linkBins bindings@1.0.0
183 verbose linkMans bindings@1.0.0
184 verbose rebuildBundles bindings@1.0.0
185 info install bindings@1.0.0
186 info postinstall bindings@1.0.0
187 verbose about to build /Users/neon/Desktop/apps/tt/node_modules/bcrypt
188 info build /Users/neon/Desktop/apps/tt/node_modules/bcrypt
189 verbose from cache /Users/neon/Desktop/apps/tt/node_modules/bcrypt/package.json
190 verbose linkStuff [ false,
190 verbose linkStuff   false,
190 verbose linkStuff   false,
190 verbose linkStuff   '/Users/neon/Desktop/apps/tt/node_modules' ]
191 info linkStuff bcrypt@0.7.7
192 verbose linkBins bcrypt@0.7.7
193 verbose linkMans bcrypt@0.7.7
194 verbose rebuildBundles bcrypt@0.7.7
195 verbose rebuildBundles [ 'bindings' ]
196 info install bcrypt@0.7.7
197 verbose unsafe-perm in lifecycle true
198 silly exec sh "-c" "node-gyp rebuild"
199 silly sh,-c,node-gyp rebuild,/Users/neon/Desktop/apps/tt/node_modules/bcrypt spawning
200 info bcrypt@0.7.7 Failed to exec install script
201 info /Users/neon/Desktop/apps/tt/node_modules/bcrypt unbuild
202 verbose from cache /Users/neon/Desktop/apps/tt/node_modules/bcrypt/package.json
203 info preuninstall bcrypt@0.7.7
204 info uninstall bcrypt@0.7.7
205 verbose true,/Users/neon/Desktop/apps/tt/node_modules,/Users/neon/Desktop/apps/tt/node_modules unbuild bcrypt@0.7.7
206 info postuninstall bcrypt@0.7.7
207 error bcrypt@0.7.7 install: `node-gyp rebuild`
207 error `sh "-c" "node-gyp rebuild"` failed with 1
208 error Failed at the bcrypt@0.7.7 install script.
208 error This is most likely a problem with the bcrypt package,
208 error not with npm itself.
208 error Tell the author that this fails on your system:
208 error     node-gyp rebuild
208 error You can get their info via:
208 error     npm owner ls bcrypt
208 error There is likely additional logging output above.
209 error System Darwin 10.8.0
210 error command "/usr/local/Cellar/node/0.10.4/bin/node" "/usr/local/bin/npm" "install"
211 error cwd /Users/neon/Desktop/apps/tt
212 error node -v v0.10.4
213 error npm -v 1.2.18
214 error code ELIFECYCLE
215 verbose exit [ 1, true ]
